  00-简单.cpp
D:\C++\workspace\10-力扣题2\LeetCode\中等4\LeetCode4\LeetCode4\00-简单.cpp(11,19): warning C4244: “初始化”: 从“double”转换到“int”，可能丢失数据
D:\C++\workspace\10-力扣题2\LeetCode\中等4\LeetCode4\LeetCode4\00-简单.cpp(64,27): warning C4018: “<”: 有符号/无符号不匹配
D:\C++\workspace\10-力扣题2\LeetCode\中等4\LeetCode4\LeetCode4\00-简单.cpp(70,31): warning C4018: “<”: 有符号/无符号不匹配
D:\C++\workspace\10-力扣题2\LeetCode\中等4\LeetCode4\LeetCode4\00-简单.cpp(79,27): warning C4018: “<”: 有符号/无符号不匹配
D:\C++\workspace\10-力扣题2\LeetCode\中等4\LeetCode4\LeetCode4\00-简单.cpp(91,16): error C2011: “Solution”:“class”类型重定义
D:\C++\workspace\10-力扣题2\LeetCode\中等4\LeetCode4\LeetCode4\00-简单.cpp(10): message : 参见“Solution”的声明
  120. 三角形最小路径和.cpp
D:\C++\workspace\10-力扣题2\LeetCode\中等4\LeetCode4\LeetCode4\120. 三角形最小路径和.cpp(35,16): error C2011: “Solution”:“class”类型重定义
D:\C++\workspace\10-力扣题2\LeetCode\中等4\LeetCode4\LeetCode4\120. 三角形最小路径和.cpp(9): message : 参见“Solution”的声明
  241. 为运算表达式设计优先级.cpp
D:\C++\workspace\10-力扣题2\LeetCode\中等4\LeetCode4\LeetCode4\241. 为运算表达式设计优先级.cpp(17,27): warning C4018: “<”: 有符号/无符号不匹配
D:\C++\workspace\10-力扣题2\LeetCode\中等4\LeetCode4\LeetCode4\241. 为运算表达式设计优先级.cpp(45,16): error C2011: “Solution”:“class”类型重定义
D:\C++\workspace\10-力扣题2\LeetCode\中等4\LeetCode4\LeetCode4\241. 为运算表达式设计优先级.cpp(11): message : 参见“Solution”的声明
  324. 摆动排序 II.cpp
  648. 单词替换.cpp
D:\C++\workspace\10-力扣题2\LeetCode\中等4\LeetCode4\LeetCode4\648. 单词替换.cpp(24,27): warning C4018: “<”: 有符号/无符号不匹配
D:\C++\workspace\10-力扣题2\LeetCode\中等4\LeetCode4\LeetCode4\648. 单词替换.cpp(38,27): warning C4018: “<”: 有符号/无符号不匹配
  面试题：01.03.URL化.cpp
  正在生成代码...
